<?xml version="1.0" encoding="utf-8"?><testsuites name="pytest tests"><testsuite name="pytest" errors="0" failures="0" skipped="0" tests="6" time="2.651" timestamp="2026-05-14T16:27:39.980175+00:00" hostname="agent-env-256a8dca-f39d-4eec-9982-ebce0dc061e5"><testcase classname="backend.tests.test_signaling.TestHealth" name="test_health_returns_ok_true" time="0.296" /><testcase classname="backend.tests.test_signaling.TestHealth" name="test_root_api" time="0.143" /><testcase classname="backend.tests.test_signaling.TestSignaling" name="test_ws_connect_accepts" time="0.184" /><testcase classname="backend.tests.test_signaling.TestSignaling" name="test_ws_routes_message_by_to_field" time="0.795" /><testcase classname="backend.tests.test_signaling.TestSignaling" name="test_ws_bidirectional" time="0.876" /><testcase classname="backend.tests.test_signaling.TestSignaling" name="test_ws_no_id_closed" time="0.185" /></testsuite></testsuites>